-------------------------------------------------------------------------------
Test set: org.example.AppTest
-------------------------------------------------------------------------------
Tests run: 2, Failures: 1, Errors: 0, Skipped: 0, Time elapsed: 0.033 s <<< FAILURE! - in org.example.AppTest
testDoFizzBuzz_numberDivisibleBy3_shouldReturnFizz(org.example.AppTest)  Time elapsed: 0.004 s  <<< FAILURE!
org.junit.ComparisonFailure: expected:<[Fizz]> but was:<[]>
	at org.example.AppTest.testDoFizzBuzz_numberDivisibleBy3_shouldReturnFizz(AppTest.java:30)

