<?xml version="1.0" encoding="UTF-8"?>
<testsuite xmlns:xsi="http://www.w3.org/2001/XMLSchema-instance" xsi:noNamespaceSchemaLocation="https://maven.apache.org/surefire/maven-surefire-plugin/xsd/surefire-test-report.xsd" name="org.example.AppTest" time="0.033" tests="2" errors="0" skipped="0" failures="1">
  <properties>
[...]
</properties>
  <testcase name="shouldAnswerWithTrue" classname="org.example.AppTest" time="0.002"/>
  <testcase name="testDoFizzBuzz_numberDivisibleBy3_shouldReturnFizz" classname="org.example.AppTest" time="0.004">
    <failure message="expected:&lt;[Fizz]&gt; but was:&lt;[]&gt;" type="org.junit.ComparisonFailure"><![CDATA[org.junit.ComparisonFailure: expected:<[Fizz]> but was:<[]>
	at org.example.AppTest.testDoFizzBuzz_numberDivisibleBy3_shouldReturnFizz(AppTest.java:30)
]]></failure>
  </testcase>
</testsuite>